<?xml version="1.0" encoding="UTF-8"?>
<testExecutions version="1">
  <file path="/home/luizalabs/Desktop/iSupply/isupply-consumer/__tests__/index.spec.ts">
    <testCase name="" duration="4"/>
  </file>
</testExecutions>