<?xml version="1.0" encoding="UTF-8"?>
<testExecutions version="1">
  <file path="/home/antonio/Projetos/isupply/isupply-consumer/__tests__/index.spec.ts">
    <testCase name="" duration="2"/>
  </file>
</testExecutions>